-0.923964 -1.0999 0.718691 -0.849013 1.07964 0.678356 -0.831258 -0.86339 
-0.923964 -0.597652 1.46057 -0.849013 1.58342 1.33834 -0.831258 -0.86339 
-0.923964 -0.717405 1.71006 -0.849013 0.570462 0.479277 -0.831258 -0.86339 
-0.923964 -0.95857 0.822165 -0.849013 0.311852 0.290709 -0.831258 -0.86339 
-0.745411 -0.0501909 -0.789878 -0.67995 -0.914194 -0.802477 -0.401441 0.31352 
-0.923964 -1.0999 0.578587 -0.849013 -0.195737 0.205662 -0.831258 -0.86339 
-0.923964 -1.0999 1.07722 -0.849013 1.31274 1.33197 -0.831258 -0.86339 
-0.923964 -1.0999 0.757684 -0.849013 1.17343 0.492973 -0.831258 -0.86339 
-0.923964 -1.0999 2.47675 -0.849013 0.779426 1.37434 -0.831258 -0.86339 
-0.923964 -0.930637 0.730169 -0.849013 1.23356 1.20393 -0.831258 -0.86339 
1.32137 1.33402 -0.789878 0.721974 -0.914194 -0.802477 1.19968 1.2437 
0.938354 1.18122 -0.789878 0.626645 -0.914194 -0.802477 1.56176 1.25125 
1.77364 0.536128 -0.789878 0.870221 -0.914194 -0.802477 1.34125 0.69644 
1.67094 1.11083 -0.789878 1.17061 -0.914194 -0.802477 1.62389 1.34097 
1.1096 -0.629043 -0.789878 0.362447 -0.914194 -0.802477 0.510648 0.536222 
0.641081 0.908247 -0.789878 0.467504 -0.914194 -0.802477 0.77852 0.557966 
0.720464 0.213791 -0.789878 1.44142 -0.914194 -0.802477 0.979339 0.832853 
1.13669 -1.09353 -0.789878 0.134046 -0.914194 -0.802477 0.176402 0.205717 
0.332972 1.37509 -0.789878 0.191632 -0.914194 -0.802477 1.30204 1.24003 
-0.923964 -1.0999 0.311713 -0.849013 -0.623614 -0.195045 -0.831258 -0.86339 
-0.923964 -1.0999 0.718691 -0.849013 1.07964 0.678356 -0.831258 -0.86339 
-0.923964 -0.597652 1.46057 -0.849013 1.58342 1.33834 -0.831258 -0.86339 
-0.923964 -0.717405 1.71006 -0.849013 0.570462 0.479277 -0.831258 -0.86339 
-0.923964 -0.95857 0.822165 -0.849013 0.311852 0.290709 -0.831258 -0.86339 
-0.745411 -0.0501909 -0.789878 -0.67995 -0.914194 -0.802477 -0.401441 0.31352 
-0.923964 -1.0999 0.578587 -0.849013 -0.195737 0.205662 -0.831258 -0.86339 
-0.923964 -1.0999 1.07722 -0.849013 1.31274 1.33197 -0.831258 -0.86339 
-0.923964 -1.0999 0.757684 -0.849013 1.17343 0.492973 -0.831258 -0.86339 
-0.923964 -1.0999 2.47675 -0.849013 0.779426 1.37434 -0.831258 -0.86339 
-0.923964 -0.930637 0.730169 -0.849013 1.23356 1.20393 -0.831258 -0.86339 
1.32137 1.33402 -0.789878 0.721974 -0.914194 -0.802477 1.19968 1.2437 
0.938354 1.18122 -0.789878 0.626645 -0.914194 -0.802477 1.56176 1.25125 
1.77364 0.536128 -0.789878 0.870221 -0.914194 -0.802477 1.34125 0.69644 
1.67094 1.11083 -0.789878 1.17061 -0.914194 -0.802477 1.62389 1.34097 
1.1096 -0.629043 -0.789878 0.362447 -0.914194 -0.802477 0.510648 0.536222 
0.641081 0.908247 -0.789878 0.467504 -0.914194 -0.802477 0.77852 0.557966 
0.720464 0.213791 -0.789878 1.44142 -0.914194 -0.802477 0.979339 0.832853 
1.13669 -1.09353 -0.789878 0.134046 -0.914194 -0.802477 0.176402 0.205717 
0.332972 1.37509 -0.789878 0.191632 -0.914194 -0.802477 1.30204 1.24003 
-0.923964 -1.0999 0.311713 -0.849013 -0.623614 -0.195045 -0.831258 -0.86339 
-0.923964 -1.0999 0.718691 -0.849013 1.07964 0.678356 -0.831258 -0.86339 
-0.923964 -0.597652 1.46057 -0.849013 1.58342 1.33834 -0.831258 -0.86339 
-0.923964 -0.717405 1.71006 -0.849013 0.570462 0.479277 -0.831258 -0.86339 
-0.923964 -0.95857 0.822165 -0.849013 0.311852 0.290709 -0.831258 -0.86339 
-0.745411 -0.0501909 -0.789878 -0.67995 -0.914194 -0.802477 -0.401441 0.31352 
-0.923964 -1.0999 0.578587 -0.849013 -0.195737 0.205662 -0.831258 -0.86339 
-0.923964 -1.0999 1.07722 -0.849013 1.31274 1.33197 -0.831258 -0.86339 
-0.923964 -1.0999 0.757684 -0.849013 1.17343 0.492973 -0.831258 -0.86339 
-0.923964 -1.0999 2.47675 -0.849013 0.779426 1.37434 -0.831258 -0.86339 
-0.923964 -0.930637 0.730169 -0.849013 1.23356 1.20393 -0.831258 -0.86339 
1.32137 1.33402 -0.789878 0.721974 -0.914194 -0.802477 1.19968 1.2437 
0.938354 1.18122 -0.789878 0.626645 -0.914194 -0.802477 1.56176 1.25125 
1.77364 0.536128 -0.789878 0.870221 -0.914194 -0.802477 1.34125 0.69644 
1.67094 1.11083 -0.789878 1.17061 -0.914194 -0.802477 1.62389 1.34097 
1.1096 -0.629043 -0.789878 0.362447 -0.914194 -0.802477 0.510648 0.536222 
0.641081 0.908247 -0.789878 0.467504 -0.914194 -0.802477 0.77852 0.557966 
0.720464 0.213791 -0.789878 1.44142 -0.914194 -0.802477 0.979339 0.832853 
1.13669 -1.09353 -0.789878 0.134046 -0.914194 -0.802477 0.176402 0.205717 
0.332972 1.37509 -0.789878 0.191632 -0.914194 -0.802477 1.30204 1.24003 
-0.923964 -1.0999 0.311713 -0.849013 -0.623614 -0.195045 -0.831258 -0.86339 
-0.923964 -1.0999 0.718691 -0.849013 1.07964 0.678356 -0.831258 -0.86339 
-0.923964 -0.597652 1.46057 -0.849013 1.58342 1.33834 -0.831258 -0.86339 
-0.923964 -0.717405 1.71006 -0.849013 0.570462 0.479277 -0.831258 -0.86339 
-0.923964 -0.95857 0.822165 -0.849013 0.311852 0.290709 -0.831258 -0.86339 
-0.745411 -0.0501909 -0.789878 -0.67995 -0.914194 -0.802477 -0.401441 0.31352 
-0.923964 -1.0999 0.578587 -0.849013 -0.195737 0.205662 -0.831258 -0.86339 
-0.923964 -1.0999 1.07722 -0.849013 1.31274 1.33197 -0.831258 -0.86339 
-0.923964 -1.0999 0.757684 -0.849013 1.17343 0.492973 -0.831258 -0.86339 
-0.923964 -1.0999 2.47675 -0.849013 0.779426 1.37434 -0.831258 -0.86339 
-0.923964 -0.930637 0.730169 -0.849013 1.23356 1.20393 -0.831258 -0.86339 
1.32137 1.33402 -0.789878 0.721974 -0.914194 -0.802477 1.19968 1.2437 
0.938354 1.18122 -0.789878 0.626645 -0.914194 -0.802477 1.56176 1.25125 
1.77364 0.536128 -0.789878 0.870221 -0.914194 -0.802477 1.34125 0.69644 
1.67094 1.11083 -0.789878 1.17061 -0.914194 -0.802477 1.62389 1.34097 
1.1096 -0.629043 -0.789878 0.362447 -0.914194 -0.802477 0.510648 0.536222 
0.641081 0.908247 -0.789878 0.467504 -0.914194 -0.802477 0.77852 0.557966 
0.720464 0.213791 -0.789878 1.44142 -0.914194 -0.802477 0.979339 0.832853 
1.13669 -1.09353 -0.789878 0.134046 -0.914194 -0.802477 0.176402 0.205717 
0.332972 1.37509 -0.789878 0.191632 -0.914194 -0.802477 1.30204 1.24003 
-0.923964 -1.0999 0.311713 -0.849013 -0.623614 -0.195045 -0.831258 -0.86339 
-0.923964 -1.0999 0.718691 -0.849013 1.07964 0.678356 -0.831258 -0.86339 
-0.923964 -0.597652 1.46057 -0.849013 1.58342 1.33834 -0.831258 -0.86339 
-0.923964 -0.717405 1.71006 -0.849013 0.570462 0.479277 -0.831258 -0.86339 
-0.923964 -0.95857 0.822165 -0.849013 0.311852 0.290709 -0.831258 -0.86339 
-0.745411 -0.0501909 -0.789878 -0.67995 -0.914194 -0.802477 -0.401441 0.31352 
-0.923964 -1.0999 0.578587 -0.849013 -0.195737 0.205662 -0.831258 -0.86339 
-0.923964 -1.0999 1.07722 -0.849013 1.31274 1.33197 -0.831258 -0.86339 
-0.923964 -1.0999 0.757684 -0.849013 1.17343 0.492973 -0.831258 -0.86339 
-0.923964 -1.0999 2.47675 -0.849013 0.779426 1.37434 -0.831258 -0.86339 
-0.923964 -0.930637 0.730169 -0.849013 1.23356 1.20393 -0.831258 -0.86339 
1.32137 1.33402 -0.789878 0.721974 -0.914194 -0.802477 1.19968 1.2437 
0.938354 1.18122 -0.789878 0.626645 -0.914194 -0.802477 1.56176 1.25125 
1.77364 0.536128 -0.789878 0.870221 -0.914194 -0.802477 1.34125 0.69644 
1.67094 1.11083 -0.789878 1.17061 -0.914194 -0.802477 1.62389 1.34097 
1.1096 -0.629043 -0.789878 0.362447 -0.914194 -0.802477 0.510648 0.536222 
0.641081 0.908247 -0.789878 0.467504 -0.914194 -0.802477 0.77852 0.557966 
0.720464 0.213791 -0.789878 1.44142 -0.914194 -0.802477 0.979339 0.832853 
1.13669 -1.09353 -0.789878 0.134046 -0.914194 -0.802477 0.176402 0.205717 
0.332972 1.37509 -0.789878 0.191632 -0.914194 -0.802477 1.30204 1.24003 
-0.923964 -1.0999 0.311713 -0.849013 -0.623614 -0.195045 -0.831258 -0.86339 
-0.923964 -1.0999 0.718691 -0.849013 1.07964 0.678356 -0.831258 -0.86339 
-0.923964 -0.597652 1.46057 -0.849013 1.58342 1.33834 -0.831258 -0.86339 
-0.923964 -0.717405 1.71006 -0.849013 0.570462 0.479277 -0.831258 -0.86339 
-0.923964 -0.95857 0.822165 -0.849013 0.311852 0.290709 -0.831258 -0.86339 
-0.745411 -0.0501909 -0.789878 -0.67995 -0.914194 -0.802477 -0.401441 0.31352 
-0.923964 -1.0999 0.578587 -0.849013 -0.195737 0.205662 -0.831258 -0.86339 
-0.923964 -1.0999 1.07722 -0.849013 1.31274 1.33197 -0.831258 -0.86339 
-0.923964 -1.0999 0.757684 -0.849013 1.17343 0.492973 -0.831258 -0.86339 
-0.923964 -1.0999 2.47675 -0.849013 0.779426 1.37434 -0.831258 -0.86339 
-0.923964 -0.930637 0.730169 -0.849013 1.23356 1.20393 -0.831258 -0.86339 
1.32137 1.33402 -0.789878 0.721974 -0.914194 -0.802477 1.19968 1.2437 
0.938354 1.18122 -0.789878 0.626645 -0.914194 -0.802477 1.56176 1.25125 
1.77364 0.536128 -0.789878 0.870221 -0.914194 -0.802477 1.34125 0.69644 
1.67094 1.11083 -0.789878 1.17061 -0.914194 -0.802477 1.62389 1.34097 
1.1096 -0.629043 -0.789878 0.362447 -0.914194 -0.802477 0.510648 0.536222 
0.641081 0.908247 -0.789878 0.467504 -0.914194 -0.802477 0.77852 0.557966 
0.720464 0.213791 -0.789878 1.44142 -0.914194 -0.802477 0.979339 0.832853 
1.13669 -1.09353 -0.789878 0.134046 -0.914194 -0.802477 0.176402 0.205717 
0.332972 1.37509 -0.789878 0.191632 -0.914194 -0.802477 1.30204 1.24003 
-0.923964 -1.0999 0.311713 -0.849013 -0.623614 -0.195045 -0.831258 -0.86339 
-0.923964 -1.0999 0.718691 -0.849013 1.07964 0.678356 -0.831258 -0.86339 
-0.923964 -0.597652 1.46057 -0.849013 1.58342 1.33834 -0.831258 -0.86339 
-0.923964 -0.717405 1.71006 -0.849013 0.570462 0.479277 -0.831258 -0.86339 
-0.923964 -0.95857 0.822165 -0.849013 0.311852 0.290709 -0.831258 -0.86339 
-0.745411 -0.0501909 -0.789878 -0.67995 -0.914194 -0.802477 -0.401441 0.31352 
-0.923964 -1.0999 0.578587 -0.849013 -0.195737 0.205662 -0.831258 -0.86339 
-0.923964 -1.0999 1.07722 -0.849013 1.31274 1.33197 -0.831258 -0.86339 
-0.923964 -1.0999 0.757684 -0.849013 1.17343 0.492973 -0.831258 -0.86339 
-0.923964 -1.0999 2.47675 -0.849013 0.779426 1.37434 -0.831258 -0.86339 
-0.923964 -0.930637 0.730169 -0.849013 1.23356 1.20393 -0.831258 -0.86339 
1.32137 1.33402 -0.789878 0.721974 -0.914194 -0.802477 1.19968 1.2437 
0.938354 1.18122 -0.789878 0.626645 -0.914194 -0.802477 1.56176 1.25125 
1.77364 0.536128 -0.789878 0.870221 -0.914194 -0.802477 1.34125 0.69644 
1.67094 1.11083 -0.789878 1.17061 -0.914194 -0.802477 1.62389 1.34097 
1.1096 -0.629043 -0.789878 0.362447 -0.914194 -0.802477 0.510648 0.536222 
0.641081 0.908247 -0.789878 0.467504 -0.914194 -0.802477 0.77852 0.557966 
0.720464 0.213791 -0.789878 1.44142 -0.914194 -0.802477 0.979339 0.832853 
1.13669 -1.09353 -0.789878 0.134046 -0.914194 -0.802477 0.176402 0.205717 
0.332972 1.37509 -0.789878 0.191632 -0.914194 -0.802477 1.30204 1.24003 
-0.923964 -1.0999 0.311713 -0.849013 -0.623614 -0.195045 -0.831258 -0.86339 
-0.923964 -1.0999 0.718691 -0.849013 1.07964 0.678356 -0.831258 -0.86339 
-0.923964 -0.597652 1.46057 -0.849013 1.58342 1.33834 -0.831258 -0.86339 
-0.923964 -0.717405 1.71006 -0.849013 0.570462 0.479277 -0.831258 -0.86339 
-0.923964 -0.95857 0.822165 -0.849013 0.311852 0.290709 -0.831258 -0.86339 
-0.745411 -0.0501909 -0.789878 -0.67995 -0.914194 -0.802477 -0.401441 0.31352 
-0.923964 -1.0999 0.578587 -0.849013 -0.195737 0.205662 -0.831258 -0.86339 
-0.923964 -1.0999 1.07722 -0.849013 1.31274 1.33197 -0.831258 -0.86339 
-0.923964 -1.0999 0.757684 -0.849013 1.17343 0.492973 -0.831258 -0.86339 
-0.923964 -1.0999 2.47675 -0.849013 0.779426 1.37434 -0.831258 -0.86339 
-0.923964 -0.930637 0.730169 -0.849013 1.23356 1.20393 -0.831258 -0.86339 
1.32137 1.33402 -0.789878 0.721974 -0.914194 -0.802477 1.19968 1.2437 
0.938354 1.18122 -0.789878 0.626645 -0.914194 -0.802477 1.56176 1.25125 
1.77364 0.536128 -0.789878 0.870221 -0.914194 -0.802477 1.34125 0.69644 
1.67094 1.11083 -0.789878 1.17061 -0.914194 -0.802477 1.62389 1.34097 
1.1096 -0.629043 -0.789878 0.362447 -0.914194 -0.802477 0.510648 0.536222 
0.641081 0.908247 -0.789878 0.467504 -0.914194 -0.802477 0.77852 0.557966 
0.720464 0.213791 -0.789878 1.44142 -0.914194 -0.802477 0.979339 0.832853 
1.13669 -1.09353 -0.789878 0.134046 -0.914194 -0.802477 0.176402 0.205717 
0.332972 1.37509 -0.789878 0.191632 -0.914194 -0.802477 1.30204 1.24003 
-0.923964 -1.0999 0.311713 -0.849013 -0.623614 -0.195045 -0.831258 -0.86339 
-0.923964 -1.0999 0.718691 -0.849013 1.07964 0.678356 -0.831258 -0.86339 
-0.923964 -0.597652 1.46057 -0.849013 1.58342 1.33834 -0.831258 -0.86339 
-0.923964 -0.717405 1.71006 -0.849013 0.570462 0.479277 -0.831258 -0.86339 
-0.923964 -0.95857 0.822165 -0.849013 0.311852 0.290709 -0.831258 -0.86339 
-0.745411 -0.0501909 -0.789878 -0.67995 -0.914194 -0.802477 -0.401441 0.31352 
-0.923964 -1.0999 0.578587 -0.849013 -0.195737 0.205662 -0.831258 -0.86339 
-0.923964 -1.0999 1.07722 -0.849013 1.31274 1.33197 -0.831258 -0.86339 
-0.923964 -1.0999 0.757684 -0.849013 1.17343 0.492973 -0.831258 -0.86339 
-0.923964 -1.0999 2.47675 -0.849013 0.779426 1.37434 -0.831258 -0.86339 
-0.923964 -0.930637 0.730169 -0.849013 1.23356 1.20393 -0.831258 -0.86339 
1.32137 1.33402 -0.789878 0.721974 -0.914194 -0.802477 1.19968 1.2437 
0.938354 1.18122 -0.789878 0.626645 -0.914194 -0.802477 1.56176 1.25125 
1.77364 0.536128 -0.789878 0.870221 -0.914194 -0.802477 1.34125 0.69644 
1.67094 1.11083 -0.789878 1.17061 -0.914194 -0.802477 1.62389 1.34097 
1.1096 -0.629043 -0.789878 0.362447 -0.914194 -0.802477 0.510648 0.536222 
0.641081 0.908247 -0.789878 0.467504 -0.914194 -0.802477 0.77852 0.557966 
0.720464 0.213791 -0.789878 1.44142 -0.914194 -0.802477 0.979339 0.832853 
1.13669 -1.09353 -0.789878 0.134046 -0.914194 -0.802477 0.176402 0.205717 
0.332972 1.37509 -0.789878 0.191632 -0.914194 -0.802477 1.30204 1.24003 
-0.923964 -1.0999 0.311713 -0.849013 -0.623614 -0.195045 -0.831258 -0.86339 
-0.923964 -1.0999 0.718691 -0.849013 1.07964 0.678356 -0.831258 -0.86339 
-0.923964 -0.597652 1.46057 -0.849013 1.58342 1.33834 -0.831258 -0.86339 
-0.923964 -0.717405 1.71006 -0.849013 0.570462 0.479277 -0.831258 -0.86339 
-0.923964 -0.95857 0.822165 -0.849013 0.311852 0.290709 -0.831258 -0.86339 
-0.745411 -0.0501909 -0.789878 -0.67995 -0.914194 -0.802477 -0.401441 0.31352 
-0.923964 -1.0999 0.578587 -0.849013 -0.195737 0.205662 -0.831258 -0.86339 
-0.923964 -1.0999 1.07722 -0.849013 1.31274 1.33197 -0.831258 -0.86339 
-0.923964 -1.0999 0.757684 -0.849013 1.17343 0.492973 -0.831258 -0.86339 
-0.923964 -1.0999 2.47675 -0.849013 0.779426 1.37434 -0.831258 -0.86339 
-0.923964 -0.930637 0.730169 -0.849013 1.23356 1.20393 -0.831258 -0.86339 
1.32137 1.33402 -0.789878 0.721974 -0.914194 -0.802477 1.19968 1.2437 
0.938354 1.18122 -0.789878 0.626645 -0.914194 -0.802477 1.56176 1.25125 
1.77364 0.536128 -0.789878 0.870221 -0.914194 -0.802477 1.34125 0.69644 
1.67094 1.11083 -0.789878 1.17061 -0.914194 -0.802477 1.62389 1.34097 
1.1096 -0.629043 -0.789878 0.362447 -0.914194 -0.802477 0.510648 0.536222 
0.641081 0.908247 -0.789878 0.467504 -0.914194 -0.802477 0.77852 0.557966 
0.720464 0.213791 -0.789878 1.44142 -0.914194 -0.802477 0.979339 0.832853 
1.13669 -1.09353 -0.789878 0.134046 -0.914194 -0.802477 0.176402 0.205717 
0.332972 1.37509 -0.789878 0.191632 -0.914194 -0.802477 1.30204 1.24003 
-0.923964 -1.0999 0.311713 -0.849013 -0.623614 -0.195045 -0.831258 -0.86339 
-0.923964 -1.0999 0.718691 -0.849013 1.07964 0.678356 -0.831258 -0.86339 
-0.923964 -0.597652 1.46057 -0.849013 1.58342 1.33834 -0.831258 -0.86339 
-0.923964 -0.717405 1.71006 -0.849013 0.570462 0.479277 -0.831258 -0.86339 
-0.923964 -0.95857 0.822165 -0.849013 0.311852 0.290709 -0.831258 -0.86339 
-0.745411 -0.0501909 -0.789878 -0.67995 -0.914194 -0.802477 -0.401441 0.31352 
-0.923964 -1.0999 0.578587 -0.849013 -0.195737 0.205662 -0.831258 -0.86339 
-0.923964 -1.0999 1.07722 -0.849013 1.31274 1.33197 -0.831258 -0.86339 
-0.923964 -1.0999 0.757684 -0.849013 1.17343 0.492973 -0.831258 -0.86339 
-0.923964 -1.0999 2.47675 -0.849013 0.779426 1.37434 -0.831258 -0.86339 
-0.923964 -0.930637 0.730169 -0.849013 1.23356 1.20393 -0.831258 -0.86339 
1.32137 1.33402 -0.789878 0.721974 -0.914194 -0.802477 1.19968 1.2437 
0.938354 1.18122 -0.789878 0.626645 -0.914194 -0.802477 1.56176 1.25125 
1.77364 0.536128 -0.789878 0.870221 -0.914194 -0.802477 1.34125 0.69644 
1.67094 1.11083 -0.789878 1.17061 -0.914194 -0.802477 1.62389 1.34097 
1.1096 -0.629043 -0.789878 0.362447 -0.914194 -0.802477 0.510648 0.536222 
0.641081 0.908247 -0.789878 0.467504 -0.914194 -0.802477 0.77852 0.557966 
0.720464 0.213791 -0.789878 1.44142 -0.914194 -0.802477 0.979339 0.832853 
1.13669 -1.09353 -0.789878 0.134046 -0.914194 -0.802477 0.176402 0.205717 
0.332972 1.37509 -0.789878 0.191632 -0.914194 -0.802477 1.30204 1.24003 
-0.923964 -1.0999 0.311713 -0.849013 -0.623614 -0.195045 -0.831258 -0.86339 
-0.923964 -1.0999 0.718691 -0.849013 1.07964 0.678356 -0.831258 -0.86339 
-0.923964 -0.597652 1.46057 -0.849013 1.58342 1.33834 -0.831258 -0.86339 
-0.923964 -0.717405 1.71006 -0.849013 0.570462 0.479277 -0.831258 -0.86339 
-0.923964 -0.95857 0.822165 -0.849013 0.311852 0.290709 -0.831258 -0.86339 
-0.745411 -0.0501909 -0.789878 -0.67995 -0.914194 -0.802477 -0.401441 0.31352 
-0.923964 -1.0999 0.578587 -0.849013 -0.195737 0.205662 -0.831258 -0.86339 
-0.923964 -1.0999 1.07722 -0.849013 1.31274 1.33197 -0.831258 -0.86339 
-0.923964 -1.0999 0.757684 -0.849013 1.17343 0.492973 -0.831258 -0.86339 
-0.923964 -1.0999 2.47675 -0.849013 0.779426 1.37434 -0.831258 -0.86339 
-0.923964 -0.930637 0.730169 -0.849013 1.23356 1.20393 -0.831258 -0.86339 
1.32137 1.33402 -0.789878 0.721974 -0.914194 -0.802477 1.19968 1.2437 
0.938354 1.18122 -0.789878 0.626645 -0.914194 -0.802477 1.56176 1.25125 
1.77364 0.536128 -0.789878 0.870221 -0.914194 -0.802477 1.34125 0.69644 
1.67094 1.11083 -0.789878 1.17061 -0.914194 -0.802477 1.62389 1.34097 
1.1096 -0.629043 -0.789878 0.362447 -0.914194 -0.802477 0.510648 0.536222 
0.641081 0.908247 -0.789878 0.467504 -0.914194 -0.802477 0.77852 0.557966 
0.720464 0.213791 -0.789878 1.44142 -0.914194 -0.802477 0.979339 0.832853 
1.13669 -1.09353 -0.789878 0.134046 -0.914194 -0.802477 0.176402 0.205717 
0.332972 1.37509 -0.789878 0.191632 -0.914194 -0.802477 1.30204 1.24003 
-0.923964 -1.0999 0.311713 -0.849013 -0.623614 -0.195045 -0.831258 -0.86339 
-0.923964 -1.0999 0.718691 -0.849013 1.07964 0.678356 -0.831258 -0.86339 
-0.923964 -0.597652 1.46057 -0.849013 1.58342 1.33834 -0.831258 -0.86339 
-0.923964 -0.717405 1.71006 -0.849013 0.570462 0.479277 -0.831258 -0.86339 
-0.923964 -0.95857 0.822165 -0.849013 0.311852 0.290709 -0.831258 -0.86339 
-0.745411 -0.0501909 -0.789878 -0.67995 -0.914194 -0.802477 -0.401441 0.31352 
-0.923964 -1.0999 0.578587 -0.849013 -0.195737 0.205662 -0.831258 -0.86339 
-0.923964 -1.0999 1.07722 -0.849013 1.31274 1.33197 -0.831258 -0.86339 
-0.923964 -1.0999 0.757684 -0.849013 1.17343 0.492973 -0.831258 -0.86339 
-0.923964 -1.0999 2.47675 -0.849013 0.779426 1.37434 -0.831258 -0.86339 
-0.923964 -0.930637 0.730169 -0.849013 1.23356 1.20393 -0.831258 -0.86339 
1.32137 1.33402 -0.789878 0.721974 -0.914194 -0.802477 1.19968 1.2437 
0.938354 1.18122 -0.789878 0.626645 -0.914194 -0.802477 1.56176 1.25125 
1.77364 0.536128 -0.789878 0.870221 -0.914194 -0.802477 1.34125 0.69644 
1.67094 1.11083 -0.789878 1.17061 -0.914194 -0.802477 1.62389 1.34097 
1.1096 -0.629043 -0.789878 0.362447 -0.914194 -0.802477 0.510648 0.536222 
0.641081 0.908247 -0.789878 0.467504 -0.914194 -0.802477 0.77852 0.557966 
0.720464 0.213791 -0.789878 1.44142 -0.914194 -0.802477 0.979339 0.832853 
1.13669 -1.09353 -0.789878 0.134046 -0.914194 -0.802477 0.176402 0.205717 
0.332972 1.37509 -0.789878 0.191632 -0.914194 -0.802477 1.30204 1.24003 
-0.923964 -1.0999 0.311713 -0.849013 -0.623614 -0.195045 -0.831258 -0.86339 
