-3384 -4671 8937 -8057 18835 4649 -5859 -3078 
-6113 3632 13332 -6486 23594 6721 -4584 -5805 
-4773 2766 14810 -7497 14025 4024 -6393 -6946 
-6219 1022 9550 -3331 11582 3432 -4086 -4109 
758 7591 -2756 869 -2071 -15 2532 5142 
-5374 -691 8107 -3107 6787 3165 -7183 -5991 
-6712 -18292 11061 -11501 21037 6701 -9383 -3507 
-4765 -7340 9168 -6298 19721 4067 -6513 -4906 
-10287 -9979 19352 -7391 15999 6834 -11918 -8802 
-7261 1224 9005 -5417 20289 6299 -6009 -3668 
9532 17601 -11205 8075 -3769 -221 11964 9206 
7906 16496 -9142 7585 -18047 -6397 14097 9239 
11452 11831 -12475 8837 -18231 -7369 12798 6815 
11016 15987 -15776 10381 -25492 -8221 14463 9631 
8633 3405 -5174 6227 -12762 -4818 7905 6115 
6644 14522 -12143 6767 -12157 -4427 9483 6210 
6981 9500 -11822 11773 -17218 -5112 10666 7411 
8748 46 -7970 5053 -17714 -6592 5936 4671 
5336 17898 -3834 5349 -12904 -4565 12567 9190 
-4818 -3912 6526 -4482 2745 1907 -2424 -5832 
-3384 -4671 8937 -8057 18835 4649 -5859 -3078 
-6113 3632 13332 -6486 23594 6721 -4584 -5805 
-4773 2766 14810 -7497 14025 4024 -6393 -6946 
-6219 1022 9550 -3331 11582 3432 -4086 -4109 
758 7591 -2756 869 -2071 -15 2532 5142 
-5374 -691 8107 -3107 6787 3165 -7183 -5991 
-6712 -18292 11061 -11501 21037 6701 -9383 -3507 
-4765 -7340 9168 -6298 19721 4067 -6513 -4906 
-10287 -9979 19352 -7391 15999 6834 -11918 -8802 
-7261 1224 9005 -5417 20289 6299 -6009 -3668 
9532 17601 -11205 8075 -3769 -221 11964 9206 
7906 16496 -9142 7585 -18047 -6397 14097 9239 
11452 11831 -12475 8837 -18231 -7369 12798 6815 
11016 15987 -15776 10381 -25492 -8221 14463 9631 
8633 3405 -5174 6227 -12762 -4818 7905 6115 
6644 14522 -12143 6767 -12157 -4427 9483 6210 
6981 9500 -11822 11773 -17218 -5112 10666 7411 
8748 46 -7970 5053 -17714 -6592 5936 4671 
5336 17898 -3834 5349 -12904 -4565 12567 9190 
-4818 -3912 6526 -4482 2745 1907 -2424 -5832 
-3384 -4671 8937 -8057 18835 4649 -5859 -3078 
-6113 3632 13332 -6486 23594 6721 -4584 -5805 
-4773 2766 14810 -7497 14025 4024 -6393 -6946 
-6219 1022 9550 -3331 11582 3432 -4086 -4109 
758 7591 -2756 869 -2071 -15 2532 5142 
-5374 -691 8107 -3107 6787 3165 -7183 -5991 
-6712 -18292 11061 -11501 21037 6701 -9383 -3507 
-4765 -7340 9168 -6298 19721 4067 -6513 -4906 
-10287 -9979 19352 -7391 15999 6834 -11918 -8802 
-7261 1224 9005 -5417 20289 6299 -6009 -3668 
9532 17601 -11205 8075 -3769 -221 11964 9206 
7906 16496 -9142 7585 -18047 -6397 14097 9239 
11452 11831 -12475 8837 -18231 -7369 12798 6815 
11016 15987 -15776 10381 -25492 -8221 14463 9631 
8633 3405 -5174 6227 -12762 -4818 7905 6115 
6644 14522 -12143 6767 -12157 -4427 9483 6210 
6981 9500 -11822 11773 -17218 -5112 10666 7411 
8748 46 -7970 5053 -17714 -6592 5936 4671 
5336 17898 -3834 5349 -12904 -4565 12567 9190 
-4818 -3912 6526 -4482 2745 1907 -2424 -5832 
-3384 -4671 8937 -8057 18835 4649 -5859 -3078 
-6113 3632 13332 -6486 23594 6721 -4584 -5805 
-4773 2766 14810 -7497 14025 4024 -6393 -6946 
-6219 1022 9550 -3331 11582 3432 -4086 -4109 
758 7591 -2756 869 -2071 -15 2532 5142 
-5374 -691 8107 -3107 6787 3165 -7183 -5991 
-6712 -18292 11061 -11501 21037 6701 -9383 -3507 
-4765 -7340 9168 -6298 19721 4067 -6513 -4906 
-10287 -9979 19352 -7391 15999 6834 -11918 -8802 
-7261 1224 9005 -5417 20289 6299 -6009 -3668 
9532 17601 -11205 8075 -3769 -221 11964 9206 
7906 16496 -9142 7585 -18047 -6397 14097 9239 
11452 11831 -12475 8837 -18231 -7369 12798 6815 
11016 15987 -15776 10381 -25492 -8221 14463 9631 
8633 3405 -5174 6227 -12762 -4818 7905 6115 
6644 14522 -12143 6767 -12157 -4427 9483 6210 
6981 9500 -11822 11773 -17218 -5112 10666 7411 
8748 46 -7970 5053 -17714 -6592 5936 4671 
5336 17898 -3834 5349 -12904 -4565 12567 9190 
-4818 -3912 6526 -4482 2745 1907 -2424 -5832 
-3384 -4671 8937 -8057 18835 4649 -5859 -3078 
-6113 3632 13332 -6486 23594 6721 -4584 -5805 
-4773 2766 14810 -7497 14025 4024 -6393 -6946 
-6219 1022 9550 -3331 11582 3432 -4086 -4109 
758 7591 -2756 869 -2071 -15 2532 5142 
-5374 -691 8107 -3107 6787 3165 -7183 -5991 
-6712 -18292 11061 -11501 21037 6701 -9383 -3507 
-4765 -7340 9168 -6298 19721 4067 -6513 -4906 
-10287 -9979 19352 -7391 15999 6834 -11918 -8802 
-7261 1224 9005 -5417 20289 6299 -6009 -3668 
9532 17601 -11205 8075 -3769 -221 11964 9206 
7906 16496 -9142 7585 -18047 -6397 14097 9239 
11452 11831 -12475 8837 -18231 -7369 12798 6815 
11016 15987 -15776 10381 -25492 -8221 14463 9631 
8633 3405 -5174 6227 -12762 -4818 7905 6115 
6644 14522 -12143 6767 -12157 -4427 9483 6210 
6981 9500 -11822 11773 -17218 -5112 10666 7411 
8748 46 -7970 5053 -17714 -6592 5936 4671 
5336 17898 -3834 5349 -12904 -4565 12567 9190 
-4818 -3912 6526 -4482 2745 1907 -2424 -5832 
-3384 -4671 8937 -8057 18835 4649 -5859 -3078 
-6113 3632 13332 -6486 23594 6721 -4584 -5805 
-4773 2766 14810 -7497 14025 4024 -6393 -6946 
-6219 1022 9550 -3331 11582 3432 -4086 -4109 
758 7591 -2756 869 -2071 -15 2532 5142 
-5374 -691 8107 -3107 6787 3165 -7183 -5991 
-6712 -18292 11061 -11501 21037 6701 -9383 -3507 
-4765 -7340 9168 -6298 19721 4067 -6513 -4906 
-10287 -9979 19352 -7391 15999 6834 -11918 -8802 
-7261 1224 9005 -5417 20289 6299 -6009 -3668 
9532 17601 -11205 8075 -3769 -221 11964 9206 
7906 16496 -9142 7585 -18047 -6397 14097 9239 
11452 11831 -12475 8837 -18231 -7369 12798 6815 
11016 15987 -15776 10381 -25492 -8221 14463 9631 
8633 3405 -5174 6227 -12762 -4818 7905 6115 
6644 14522 -12143 6767 -12157 -4427 9483 6210 
6981 9500 -11822 11773 -17218 -5112 10666 7411 
8748 46 -7970 5053 -17714 -6592 5936 4671 
5336 17898 -3834 5349 -12904 -4565 12567 9190 
-4818 -3912 6526 -4482 2745 1907 -2424 -5832 
-3384 -4671 8937 -8057 18835 4649 -5859 -3078 
-6113 3632 13332 -6486 23594 6721 -4584 -5805 
-4773 2766 14810 -7497 14025 4024 -6393 -6946 
-6219 1022 9550 -3331 11582 3432 -4086 -4109 
758 7591 -2756 869 -2071 -15 2532 5142 
-5374 -691 8107 -3107 6787 3165 -7183 -5991 
-6712 -18292 11061 -11501 21037 6701 -9383 -3507 
-4765 -7340 9168 -6298 19721 4067 -6513 -4906 
-10287 -9979 19352 -7391 15999 6834 -11918 -8802 
-7261 1224 9005 -5417 20289 6299 -6009 -3668 
9532 17601 -11205 8075 -3769 -221 11964 9206 
7906 16496 -9142 7585 -18047 -6397 14097 9239 
11452 11831 -12475 8837 -18231 -7369 12798 6815 
11016 15987 -15776 10381 -25492 -8221 14463 9631 
8633 3405 -5174 6227 -12762 -4818 7905 6115 
6644 14522 -12143 6767 -12157 -4427 9483 6210 
6981 9500 -11822 11773 -17218 -5112 10666 7411 
8748 46 -7970 5053 -17714 -6592 5936 4671 
5336 17898 -3834 5349 -12904 -4565 12567 9190 
-4818 -3912 6526 -4482 2745 1907 -2424 -5832 
-3384 -4671 8937 -8057 18835 4649 -5859 -3078 
-6113 3632 13332 -6486 23594 6721 -4584 -5805 
-4773 2766 14810 -7497 14025 4024 -6393 -6946 
-6219 1022 9550 -3331 11582 3432 -4086 -4109 
758 7591 -2756 869 -2071 -15 2532 5142 
-5374 -691 8107 -3107 6787 3165 -7183 -5991 
-6712 -18292 11061 -11501 21037 6701 -9383 -3507 
-4765 -7340 9168 -6298 19721 4067 -6513 -4906 
-10287 -9979 19352 -7391 15999 6834 -11918 -8802 
-7261 1224 9005 -5417 20289 6299 -6009 -3668 
9532 17601 -11205 8075 -3769 -221 11964 9206 
7906 16496 -9142 7585 -18047 -6397 14097 9239 
11452 11831 -12475 8837 -18231 -7369 12798 6815 
11016 15987 -15776 10381 -25492 -8221 14463 9631 
8633 3405 -5174 6227 -12762 -4818 7905 6115 
6644 14522 -12143 6767 -12157 -4427 9483 6210 
6981 9500 -11822 11773 -17218 -5112 10666 7411 
8748 46 -7970 5053 -17714 -6592 5936 4671 
5336 17898 -3834 5349 -12904 -4565 12567 9190 
-4818 -3912 6526 -4482 2745 1907 -2424 -5832 
-3384 -4671 8937 -8057 18835 4649 -5859 -3078 
-6113 3632 13332 -6486 23594 6721 -4584 -5805 
-4773 2766 14810 -7497 14025 4024 -6393 -6946 
-6219 1022 9550 -3331 11582 3432 -4086 -4109 
758 7591 -2756 869 -2071 -15 2532 5142 
-5374 -691 8107 -3107 6787 3165 -7183 -5991 
-6712 -18292 11061 -11501 21037 6701 -9383 -3507 
-4765 -7340 9168 -6298 19721 4067 -6513 -4906 
-10287 -9979 19352 -7391 15999 6834 -11918 -8802 
-7261 1224 9005 -5417 20289 6299 -6009 -3668 
9532 17601 -11205 8075 -3769 -221 11964 9206 
7906 16496 -9142 7585 -18047 -6397 14097 9239 
11452 11831 -12475 8837 -18231 -7369 12798 6815 
11016 15987 -15776 10381 -25492 -8221 14463 9631 
8633 3405 -5174 6227 -12762 -4818 7905 6115 
6644 14522 -12143 6767 -12157 -4427 9483 6210 
6981 9500 -11822 11773 -17218 -5112 10666 7411 
8748 46 -7970 5053 -17714 -6592 5936 4671 
5336 17898 -3834 5349 -12904 -4565 12567 9190 
-4818 -3912 6526 -4482 2745 1907 -2424 -5832 
-3384 -4671 8937 -8057 18835 4649 -5859 -3078 
-6113 3632 13332 -6486 23594 6721 -4584 -5805 
-4773 2766 14810 -7497 14025 4024 -6393 -6946 
-6219 1022 9550 -3331 11582 3432 -4086 -4109 
758 7591 -2756 869 -2071 -15 2532 5142 
-5374 -691 8107 -3107 6787 3165 -7183 -5991 
-6712 -18292 11061 -11501 21037 6701 -9383 -3507 
-4765 -7340 9168 -6298 19721 4067 -6513 -4906 
-10287 -9979 19352 -7391 15999 6834 -11918 -8802 
-7261 1224 9005 -5417 20289 6299 -6009 -3668 
9532 17601 -11205 8075 -3769 -221 11964 9206 
7906 16496 -9142 7585 -18047 -6397 14097 9239 
11452 11831 -12475 8837 -18231 -7369 12798 6815 
11016 15987 -15776 10381 -25492 -8221 14463 9631 
8633 3405 -5174 6227 -12762 -4818 7905 6115 
6644 14522 -12143 6767 -12157 -4427 9483 6210 
6981 9500 -11822 11773 -17218 -5112 10666 7411 
8748 46 -7970 5053 -17714 -6592 5936 4671 
5336 17898 -3834 5349 -12904 -4565 12567 9190 
-4818 -3912 6526 -4482 2745 1907 -2424 -5832 
-3384 -4671 8937 -8057 18835 4649 -5859 -3078 
-6113 3632 13332 -6486 23594 6721 -4584 -5805 
-4773 2766 14810 -7497 14025 4024 -6393 -6946 
-6219 1022 9550 -3331 11582 3432 -4086 -4109 
758 7591 -2756 869 -2071 -15 2532 5142 
-5374 -691 8107 -3107 6787 3165 -7183 -5991 
-6712 -18292 11061 -11501 21037 6701 -9383 -3507 
-4765 -7340 9168 -6298 19721 4067 -6513 -4906 
-10287 -9979 19352 -7391 15999 6834 -11918 -8802 
-7261 1224 9005 -5417 20289 6299 -6009 -3668 
9532 17601 -11205 8075 -3769 -221 11964 9206 
7906 16496 -9142 7585 -18047 -6397 14097 9239 
11452 11831 -12475 8837 -18231 -7369 12798 6815 
11016 15987 -15776 10381 -25492 -8221 14463 9631 
8633 3405 -5174 6227 -12762 -4818 7905 6115 
6644 14522 -12143 6767 -12157 -4427 9483 6210 
6981 9500 -11822 11773 -17218 -5112 10666 7411 
8748 46 -7970 5053 -17714 -6592 5936 4671 
5336 17898 -3834 5349 -12904 -4565 12567 9190 
-4818 -3912 6526 -4482 2745 1907 -2424 -5832 
-3384 -4671 8937 -8057 18835 4649 -5859 -3078 
-6113 3632 13332 -6486 23594 6721 -4584 -5805 
-4773 2766 14810 -7497 14025 4024 -6393 -6946 
-6219 1022 9550 -3331 11582 3432 -4086 -4109 
758 7591 -2756 869 -2071 -15 2532 5142 
-5374 -691 8107 -3107 6787 3165 -7183 -5991 
-6712 -18292 11061 -11501 21037 6701 -9383 -3507 
-4765 -7340 9168 -6298 19721 4067 -6513 -4906 
-10287 -9979 19352 -7391 15999 6834 -11918 -8802 
-7261 1224 9005 -5417 20289 6299 -6009 -3668 
9532 17601 -11205 8075 -3769 -221 11964 9206 
7906 16496 -9142 7585 -18047 -6397 14097 9239 
11452 11831 -12475 8837 -18231 -7369 12798 6815 
11016 15987 -15776 10381 -25492 -8221 14463 9631 
8633 3405 -5174 6227 -12762 -4818 7905 6115 
6644 14522 -12143 6767 -12157 -4427 9483 6210 
6981 9500 -11822 11773 -17218 -5112 10666 7411 
8748 46 -7970 5053 -17714 -6592 5936 4671 
5336 17898 -3834 5349 -12904 -4565 12567 9190 
-4818 -3912 6526 -4482 2745 1907 -2424 -5832 
-3384 -4671 8937 -8057 18835 4649 -5859 -3078 
-6113 3632 13332 -6486 23594 6721 -4584 -5805 
-4773 2766 14810 -7497 14025 4024 -6393 -6946 
-6219 1022 9550 -3331 11582 3432 -4086 -4109 
758 7591 -2756 869 -2071 -15 2532 5142 
-5374 -691 8107 -3107 6787 3165 -7183 -5991 
-6712 -18292 11061 -11501 21037 6701 -9383 -3507 
-4765 -7340 9168 -6298 19721 4067 -6513 -4906 
-10287 -9979 19352 -7391 15999 6834 -11918 -8802 
-7261 1224 9005 -5417 20289 6299 -6009 -3668 
9532 17601 -11205 8075 -3769 -221 11964 9206 
7906 16496 -9142 7585 -18047 -6397 14097 9239 
11452 11831 -12475 8837 -18231 -7369 12798 6815 
11016 15987 -15776 10381 -25492 -8221 14463 9631 
8633 3405 -5174 6227 -12762 -4818 7905 6115 
6644 14522 -12143 6767 -12157 -4427 9483 6210 
6981 9500 -11822 11773 -17218 -5112 10666 7411 
8748 46 -7970 5053 -17714 -6592 5936 4671 
5336 17898 -3834 5349 -12904 -4565 12567 9190 
-4818 -3912 6526 -4482 2745 1907 -2424 -5832 
