0 0 8937 0 18835 4649 0 0 
0 3632 13332 0 23594 6721 0 0 
0 2766 14810 0 14025 4024 0 0 
0 1022 9550 0 11582 3432 0 0 
758 7591 0 869 0 0 2532 5142 
0 0 8107 0 6787 3165 0 0 
0 0 11061 0 21037 6701 0 0 
0 0 9168 0 19721 4067 0 0 
0 0 19352 0 15999 6834 0 0 
0 1224 9005 0 20289 6299 0 0 
9532 17601 0 8075 0 0 11964 9206 
7906 16496 0 7585 0 0 14097 9239 
11452 11831 0 8837 0 0 12798 6815 
11016 15987 0 10381 0 0 14463 9631 
8633 3405 0 6227 0 0 7905 6115 
6644 14522 0 6767 0 0 9483 6210 
6981 9500 0 11773 0 0 10666 7411 
8748 46 0 5053 0 0 5936 4671 
5336 17898 0 5349 0 0 12567 9190 
0 0 6526 0 2745 1907 0 0 
0 0 8937 0 18835 4649 0 0 
0 3632 13332 0 23594 6721 0 0 
0 2766 14810 0 14025 4024 0 0 
0 1022 9550 0 11582 3432 0 0 
758 7591 0 869 0 0 2532 5142 
0 0 8107 0 6787 3165 0 0 
0 0 11061 0 21037 6701 0 0 
0 0 9168 0 19721 4067 0 0 
0 0 19352 0 15999 6834 0 0 
0 1224 9005 0 20289 6299 0 0 
9532 17601 0 8075 0 0 11964 9206 
7906 16496 0 7585 0 0 14097 9239 
11452 11831 0 8837 0 0 12798 6815 
11016 15987 0 10381 0 0 14463 9631 
8633 3405 0 6227 0 0 7905 6115 
6644 14522 0 6767 0 0 9483 6210 
6981 9500 0 11773 0 0 10666 7411 
8748 46 0 5053 0 0 5936 4671 
5336 17898 0 5349 0 0 12567 9190 
0 0 6526 0 2745 1907 0 0 
0 0 8937 0 18835 4649 0 0 
0 3632 13332 0 23594 6721 0 0 
0 2766 14810 0 14025 4024 0 0 
0 1022 9550 0 11582 3432 0 0 
758 7591 0 869 0 0 2532 5142 
0 0 8107 0 6787 3165 0 0 
0 0 11061 0 21037 6701 0 0 
0 0 9168 0 19721 4067 0 0 
0 0 19352 0 15999 6834 0 0 
0 1224 9005 0 20289 6299 0 0 
9532 17601 0 8075 0 0 11964 9206 
7906 16496 0 7585 0 0 14097 9239 
11452 11831 0 8837 0 0 12798 6815 
11016 15987 0 10381 0 0 14463 9631 
8633 3405 0 6227 0 0 7905 6115 
6644 14522 0 6767 0 0 9483 6210 
6981 9500 0 11773 0 0 10666 7411 
8748 46 0 5053 0 0 5936 4671 
5336 17898 0 5349 0 0 12567 9190 
0 0 6526 0 2745 1907 0 0 
0 0 8937 0 18835 4649 0 0 
0 3632 13332 0 23594 6721 0 0 
0 2766 14810 0 14025 4024 0 0 
0 1022 9550 0 11582 3432 0 0 
758 7591 0 869 0 0 2532 5142 
0 0 8107 0 6787 3165 0 0 
0 0 11061 0 21037 6701 0 0 
0 0 9168 0 19721 4067 0 0 
0 0 19352 0 15999 6834 0 0 
0 1224 9005 0 20289 6299 0 0 
9532 17601 0 8075 0 0 11964 9206 
7906 16496 0 7585 0 0 14097 9239 
11452 11831 0 8837 0 0 12798 6815 
11016 15987 0 10381 0 0 14463 9631 
8633 3405 0 6227 0 0 7905 6115 
6644 14522 0 6767 0 0 9483 6210 
6981 9500 0 11773 0 0 10666 7411 
8748 46 0 5053 0 0 5936 4671 
5336 17898 0 5349 0 0 12567 9190 
0 0 6526 0 2745 1907 0 0 
0 0 8937 0 18835 4649 0 0 
0 3632 13332 0 23594 6721 0 0 
0 2766 14810 0 14025 4024 0 0 
0 1022 9550 0 11582 3432 0 0 
758 7591 0 869 0 0 2532 5142 
0 0 8107 0 6787 3165 0 0 
0 0 11061 0 21037 6701 0 0 
0 0 9168 0 19721 4067 0 0 
0 0 19352 0 15999 6834 0 0 
0 1224 9005 0 20289 6299 0 0 
9532 17601 0 8075 0 0 11964 9206 
7906 16496 0 7585 0 0 14097 9239 
11452 11831 0 8837 0 0 12798 6815 
11016 15987 0 10381 0 0 14463 9631 
8633 3405 0 6227 0 0 7905 6115 
6644 14522 0 6767 0 0 9483 6210 
6981 9500 0 11773 0 0 10666 7411 
8748 46 0 5053 0 0 5936 4671 
5336 17898 0 5349 0 0 12567 9190 
0 0 6526 0 2745 1907 0 0 
0 0 8937 0 18835 4649 0 0 
0 3632 13332 0 23594 6721 0 0 
0 2766 14810 0 14025 4024 0 0 
0 1022 9550 0 11582 3432 0 0 
758 7591 0 869 0 0 2532 5142 
0 0 8107 0 6787 3165 0 0 
0 0 11061 0 21037 6701 0 0 
0 0 9168 0 19721 4067 0 0 
0 0 19352 0 15999 6834 0 0 
0 1224 9005 0 20289 6299 0 0 
9532 17601 0 8075 0 0 11964 9206 
7906 16496 0 7585 0 0 14097 9239 
11452 11831 0 8837 0 0 12798 6815 
11016 15987 0 10381 0 0 14463 9631 
8633 3405 0 6227 0 0 7905 6115 
6644 14522 0 6767 0 0 9483 6210 
6981 9500 0 11773 0 0 10666 7411 
8748 46 0 5053 0 0 5936 4671 
5336 17898 0 5349 0 0 12567 9190 
0 0 6526 0 2745 1907 0 0 
0 0 8937 0 18835 4649 0 0 
0 3632 13332 0 23594 6721 0 0 
0 2766 14810 0 14025 4024 0 0 
0 1022 9550 0 11582 3432 0 0 
758 7591 0 869 0 0 2532 5142 
0 0 8107 0 6787 3165 0 0 
0 0 11061 0 21037 6701 0 0 
0 0 9168 0 19721 4067 0 0 
0 0 19352 0 15999 6834 0 0 
0 1224 9005 0 20289 6299 0 0 
9532 17601 0 8075 0 0 11964 9206 
7906 16496 0 7585 0 0 14097 9239 
11452 11831 0 8837 0 0 12798 6815 
11016 15987 0 10381 0 0 14463 9631 
8633 3405 0 6227 0 0 7905 6115 
6644 14522 0 6767 0 0 9483 6210 
6981 9500 0 11773 0 0 10666 7411 
8748 46 0 5053 0 0 5936 4671 
5336 17898 0 5349 0 0 12567 9190 
0 0 6526 0 2745 1907 0 0 
0 0 8937 0 18835 4649 0 0 
0 3632 13332 0 23594 6721 0 0 
0 2766 14810 0 14025 4024 0 0 
0 1022 9550 0 11582 3432 0 0 
758 7591 0 869 0 0 2532 5142 
0 0 8107 0 6787 3165 0 0 
0 0 11061 0 21037 6701 0 0 
0 0 9168 0 19721 4067 0 0 
0 0 19352 0 15999 6834 0 0 
0 1224 9005 0 20289 6299 0 0 
9532 17601 0 8075 0 0 11964 9206 
7906 16496 0 7585 0 0 14097 9239 
11452 11831 0 8837 0 0 12798 6815 
11016 15987 0 10381 0 0 14463 9631 
8633 3405 0 6227 0 0 7905 6115 
6644 14522 0 6767 0 0 9483 6210 
6981 9500 0 11773 0 0 10666 7411 
8748 46 0 5053 0 0 5936 4671 
5336 17898 0 5349 0 0 12567 9190 
0 0 6526 0 2745 1907 0 0 
0 0 8937 0 18835 4649 0 0 
0 3632 13332 0 23594 6721 0 0 
0 2766 14810 0 14025 4024 0 0 
0 1022 9550 0 11582 3432 0 0 
758 7591 0 869 0 0 2532 5142 
0 0 8107 0 6787 3165 0 0 
0 0 11061 0 21037 6701 0 0 
0 0 9168 0 19721 4067 0 0 
0 0 19352 0 15999 6834 0 0 
0 1224 9005 0 20289 6299 0 0 
9532 17601 0 8075 0 0 11964 9206 
7906 16496 0 7585 0 0 14097 9239 
11452 11831 0 8837 0 0 12798 6815 
11016 15987 0 10381 0 0 14463 9631 
8633 3405 0 6227 0 0 7905 6115 
6644 14522 0 6767 0 0 9483 6210 
6981 9500 0 11773 0 0 10666 7411 
8748 46 0 5053 0 0 5936 4671 
5336 17898 0 5349 0 0 12567 9190 
0 0 6526 0 2745 1907 0 0 
0 0 8937 0 18835 4649 0 0 
0 3632 13332 0 23594 6721 0 0 
0 2766 14810 0 14025 4024 0 0 
0 1022 9550 0 11582 3432 0 0 
758 7591 0 869 0 0 2532 5142 
0 0 8107 0 6787 3165 0 0 
0 0 11061 0 21037 6701 0 0 
0 0 9168 0 19721 4067 0 0 
0 0 19352 0 15999 6834 0 0 
0 1224 9005 0 20289 6299 0 0 
9532 17601 0 8075 0 0 11964 9206 
7906 16496 0 7585 0 0 14097 9239 
11452 11831 0 8837 0 0 12798 6815 
11016 15987 0 10381 0 0 14463 9631 
8633 3405 0 6227 0 0 7905 6115 
6644 14522 0 6767 0 0 9483 6210 
6981 9500 0 11773 0 0 10666 7411 
8748 46 0 5053 0 0 5936 4671 
5336 17898 0 5349 0 0 12567 9190 
0 0 6526 0 2745 1907 0 0 
0 0 8937 0 18835 4649 0 0 
0 3632 13332 0 23594 6721 0 0 
0 2766 14810 0 14025 4024 0 0 
0 1022 9550 0 11582 3432 0 0 
758 7591 0 869 0 0 2532 5142 
0 0 8107 0 6787 3165 0 0 
0 0 11061 0 21037 6701 0 0 
0 0 9168 0 19721 4067 0 0 
0 0 19352 0 15999 6834 0 0 
0 1224 9005 0 20289 6299 0 0 
9532 17601 0 8075 0 0 11964 9206 
7906 16496 0 7585 0 0 14097 9239 
11452 11831 0 8837 0 0 12798 6815 
11016 15987 0 10381 0 0 14463 9631 
8633 3405 0 6227 0 0 7905 6115 
6644 14522 0 6767 0 0 9483 6210 
6981 9500 0 11773 0 0 10666 7411 
8748 46 0 5053 0 0 5936 4671 
5336 17898 0 5349 0 0 12567 9190 
0 0 6526 0 2745 1907 0 0 
0 0 8937 0 18835 4649 0 0 
0 3632 13332 0 23594 6721 0 0 
0 2766 14810 0 14025 4024 0 0 
0 1022 9550 0 11582 3432 0 0 
758 7591 0 869 0 0 2532 5142 
0 0 8107 0 6787 3165 0 0 
0 0 11061 0 21037 6701 0 0 
0 0 9168 0 19721 4067 0 0 
0 0 19352 0 15999 6834 0 0 
0 1224 9005 0 20289 6299 0 0 
9532 17601 0 8075 0 0 11964 9206 
7906 16496 0 7585 0 0 14097 9239 
11452 11831 0 8837 0 0 12798 6815 
11016 15987 0 10381 0 0 14463 9631 
8633 3405 0 6227 0 0 7905 6115 
6644 14522 0 6767 0 0 9483 6210 
6981 9500 0 11773 0 0 10666 7411 
8748 46 0 5053 0 0 5936 4671 
5336 17898 0 5349 0 0 12567 9190 
0 0 6526 0 2745 1907 0 0 
0 0 8937 0 18835 4649 0 0 
0 3632 13332 0 23594 6721 0 0 
0 2766 14810 0 14025 4024 0 0 
0 1022 9550 0 11582 3432 0 0 
758 7591 0 869 0 0 2532 5142 
0 0 8107 0 6787 3165 0 0 
0 0 11061 0 21037 6701 0 0 
0 0 9168 0 19721 4067 0 0 
0 0 19352 0 15999 6834 0 0 
0 1224 9005 0 20289 6299 0 0 
9532 17601 0 8075 0 0 11964 9206 
7906 16496 0 7585 0 0 14097 9239 
11452 11831 0 8837 0 0 12798 6815 
11016 15987 0 10381 0 0 14463 9631 
8633 3405 0 6227 0 0 7905 6115 
6644 14522 0 6767 0 0 9483 6210 
6981 9500 0 11773 0 0 10666 7411 
8748 46 0 5053 0 0 5936 4671 
5336 17898 0 5349 0 0 12567 9190 
0 0 6526 0 2745 1907 0 0 
